C51 COMPILER V9.55   MAIN                                                                  03/25/2020 11:35:52 PAGE 1   


C51 COMPILER V9.55, COMPILATION OF MODULE MAIN
OBJECT MODULE PLACED IN .\Objects\main.obj
COMPILER INVOKED BY: C:\Keil_v5\C51\BIN\C51.EXE main.c OPTIMIZE(8,SPEED) BROWSE DEBUG OBJECTEXTEND PRINT(.\Listings\main
                    -.lst) TABS(2) OBJECT(.\Objects\main.obj)

line level    source

   1          #include <STC15F2K60S2.H>
   2          #include "onewire.h"
   3          #define u8  unsigned char
   4          #define u16 unsigned int
   5          
   6          u8 code LED[]={0xc0,0xf9,0xa4,0xb0,0x99,0x92,0x82,0xf8,0x80,0x90,0xbf,0xff};
   7          u8 yi,er,san,si,wu,liu,qi,ba,shezhi=0,Tmin=20,Tmax=30,cnt=0,num,flag=0;
   8          u16 timermax,f=0;
   9          
  10          void delay_ms(u16 ms)
  11          {
  12   1        u16 i,j;
  13   1        for(i=ms ; i>0 ; i--)
  14   1          for(j=845 ; j>0 ;j--);
  15   1        
  16   1      }
  17          void relay_open()
  18          {
  19   1        P2=0XA0;
  20   1        P0=0X10;
  21   1      }
  22          void relay_close()
  23          {
  24   1        P2=0XA0;
  25   1        P0=0X00;
  26   1      }
  27          void Init()
  28          {
  29   1        P2=0x80;  //关闭LED灯
  30   1        P0=0xFF;
  31   1        
  32   1        P2=0XA0;  //关闭蜂鸣器和继电器等
  33   1        P0=0X00;
  34   1        
  35   1        P2=0XC0;  //关闭数码管位选
  36   1        P0=0XFF;
  37   1        
  38   1        P2=0XFF;  //关闭数码管段选
  39   1        P0=0XFF;
  40   1      }
  41          
  42          void Display()
  43          {
  44   1        P2=0XC0;  
  45   1        P0=0X01;  //选中数码管1
  46   1        P2=0XFF;  //数码管段选
  47   1        P0=LED[yi];
  48   1        delay_ms(1);
  49   1        
  50   1        P2=0XC0;  
  51   1        P0=0X02;  //选中数码管2
  52   1        P2=0XFF;  
  53   1        P0=LED[er];
  54   1        delay_ms(1);
C51 COMPILER V9.55   MAIN                                                                  03/25/2020 11:35:52 PAGE 2   

  55   1        
  56   1        P2=0XC0;  
  57   1        P0=0X04;  //选中数码管3
  58   1        P2=0XFF;  
  59   1        P0=LED[san];
  60   1        delay_ms(1);
  61   1        
  62   1        P2=0XC0;  
  63   1        P0=0X08;  //选中数码管4
  64   1        P2=0XFF;  
  65   1        P0=LED[si];
  66   1        delay_ms(1);
  67   1        
  68   1        P2=0XC0;  
  69   1        P0=0X10;  //选中数码管5
  70   1        P2=0XFF;  
  71   1        P0=LED[wu];
  72   1        delay_ms(1);
  73   1        
  74   1        P2=0XC0;  
  75   1        P0=0X20;  //选中数码管6
  76   1        P2=0XFF;  
  77   1        P0=LED[liu];
  78   1        delay_ms(1);
  79   1        
  80   1        P2=0XC0;  
  81   1        P0=0X40;  //选中数码管7
  82   1        P2=0XFF;  
  83   1        P0=LED[qi];
  84   1        delay_ms(1);
  85   1        
  86   1        P2=0XC0;  
  87   1        P0=0X80;  //选中数码管8
  88   1        P2=0XFF;  
  89   1        P0=LED[ba];
  90   1        delay_ms(1);
  91   1        
  92   1      }
  93          void Key_KBD()  //Button(按键)的缩写, KBD为Keyboard(键盘)
  94          {
  95   1        u8 temp;
  96   1        P3=0X7F;P44=0;P42=1;
  97   1        temp=P3;
  98   1        temp=temp&0x0f;
  99   1        if(temp!=0x0f){
 100   2          delay_ms(5);
 101   2          temp=P3;
 102   2          temp=temp&0x0f;
 103   2          if(temp!=0x0f){
 104   3            temp=P3;
 105   3            switch(temp){
 106   4              case 0x7e:num=0;cnt++;break;
 107   4              case 0x7d:num=3;cnt++;break;
 108   4              case 0x7b:num=6;cnt++;break;
 109   4              case 0x77:num=9;cnt++;break;
 110   4            }
 111   3          }
 112   2          while(temp!=0x0f){
 113   3            temp = P3;
 114   3            temp&=0x0f;
 115   3          }
 116   2        }
C51 COMPILER V9.55   MAIN                                                                  03/25/2020 11:35:52 PAGE 3   

 117   1        
 118   1        P3=0XbF;P44=1;P42=0;
 119   1        temp=P3;
 120   1        temp=temp&0x0f;
 121   1        if(temp!=0x0f){
 122   2          delay_ms(5);
 123   2          temp=P3;
 124   2          temp=temp&0x0f;
 125   2          if(temp!=0x0f){
 126   3            temp=P3;
 127   3            switch(temp){
 128   4              case 0xbe:num=1;cnt++;break;
 129   4              case 0xbd:num=4;cnt++;break;
 130   4              case 0xbb:num=7;cnt++;break;
 131   4              case 0xb7:shezhi=!shezhi;EA=!EA;break;
 132   4            }
 133   3          }
 134   2          while(temp!=0x0f){
 135   3            temp = P3;
 136   3            temp&=0x0f;
 137   3          }
 138   2        }
 139   1      
 140   1        P3=0XdF;P44=1;P42=1;
 141   1        temp=P3;
 142   1        temp=temp&0x0f;
 143   1        if(temp!=0x0f){
 144   2          delay_ms(5);
 145   2          temp=P3;
 146   2          temp=temp&0x0f;
 147   2          if(temp!=0x0f){
 148   3            temp = P3;
 149   3            switch (temp){
 150   4              case 0xde:num=2;cnt++;break;
 151   4              case 0xdd:num=5;cnt++;break;
 152   4              case 0xdb:num=8;cnt++;break;
 153   4              case 0xd7:cnt=0;break;
 154   4            }
 155   3          }
 156   2          while(temp!=0x0f){
 157   3            temp = P3;
 158   3            temp&=0x0f;
 159   3          }
 160   2        }
 161   1        
 162   1        P3=0XeF;P44=1;P42=1;
 163   1        temp=P3;
 164   1        temp=temp&0x0f;
 165   1        if(temp!=0x0f){
 166   2          delay_ms(5);
 167   2          temp=P3;
 168   2          temp=temp&0x0f;
 169   2          if(temp!=0x0f){
 170   3            temp = P3;
 171   3            switch (temp){
 172   4              case 0xee:yi=1;er=9;break;
 173   4              case 0xed:yi=1;er=8;break;
 174   4              case 0xeb:yi=1;er=7;break;
 175   4              case 0xe7:yi=1;er=6;break;
 176   4            }
 177   3          }
 178   2          while(temp!=0x0f){
C51 COMPILER V9.55   MAIN                                                                  03/25/2020 11:35:52 PAGE 4   

 179   3            temp = P3;
 180   3            temp&=0x0f;
 181   3          }
 182   2        }
 183   1      }
 184          void Timer0Init(void)   //1毫秒@11.0592MHz
 185          {
 186   1        AUXR |= 0x80;   //定时器时钟1T模式
 187   1        TMOD &= 0xF0;   //设置定时器模式
 188   1        TL0 = 0xCD;   //设置定时初值
 189   1        TH0 = 0xD4;   //设置定时初值
 190   1        TF0 = 0;    //清除TF0标志
 191   1        TR0 = 1;    //定时器0开始计时
 192   1        ET0=1;
 193   1        EA=1;
 194   1      }
 195          void timer0()interrupt 1
 196          {
 197   1        if(++f>timermax-1)
 198   1        {
 199   2          f=0;
 200   2          if(flag)
 201   2          {
 202   3            P2=0X80;
 203   3            P0=0Xfe;
 204   3          }
 205   2          else
 206   2          {
 207   3            P2=0X80;
 208   3            P0=0Xff;
 209   3          }
 210   2          flag=!flag;
 211   2        }
 212   1      }
 213          void main()
 214          {
 215   1        u8 temp;
 216   1        Init(); //先将开发板初始化
 217   1        Timer0Init();
 218   1        while(1){
 219   2          if(shezhi)
 220   2          {
 221   3            relay_close();
 222   3            yi=10;liu=10;si=11;wu=11;
 223   3            if(cnt==0)
 224   3            {
 225   4              er=11;san=11;qi=11;ba=11;
 226   4            }
 227   3            else if(cnt==1)
 228   3            {
 229   4              er=num;
 230   4            }
 231   3            else if(cnt==2)
 232   3            {
 233   4              san=num;
 234   4            }
 235   3            else if(cnt==3)
 236   3            {
 237   4              qi=num;
 238   4            }
 239   3            else if(cnt==4)
 240   3            {
C51 COMPILER V9.55   MAIN                                                                  03/25/2020 11:35:52 PAGE 5   

 241   4              ba=num;
 242   4              Tmin=qi*10+ba;
 243   4              Tmax=er*10+san;
 244   4              if(Tmax<Tmin)
 245   4              {
 246   5                
 247   5                P2=0X80;
 248   5                P0=0Xfd;
 249   5              }
 250   4              else
 251   4              {
 252   5                P2=0X80;
 253   5                P0=0XFF;
 254   5              }
 255   4            }
 256   3          }
 257   2          else
 258   2          {
 259   3            cnt=0;
 260   3            yi=10;er=1;san=10;si=11;wu=11;liu=11;
 261   3            temp = Tempget();
 262   3            qi=temp/10;ba=temp%10;
 263   3            if(temp<Tmin)
 264   3            {
 265   4              er=0;
 266   4              relay_close();
 267   4              timermax=800;
 268   4            }       
 269   3            else if(temp>Tmax)
 270   3            {
 271   4              er=2;
 272   4              relay_open();
 273   4              timermax=200;
 274   4            } 
 275   3            else
 276   3            {
 277   4              er=1;
 278   4              relay_close();
 279   4              timermax=400;
 280   4            } 
 281   3          }
 282   2          Key_KBD();
 283   2          Display();
 284   2        }
 285   1      }


MODULE INFORMATION:   STATIC OVERLAYABLE
   CODE SIZE        =    934    ----
   CONSTANT SIZE    =     12    ----
   XDATA SIZE       =   ----    ----
   PDATA SIZE       =   ----    ----
   DATA SIZE        =     18       1
   IDATA SIZE       =   ----    ----
   BIT SIZE         =   ----    ----
END OF MODULE INFORMATION.


C51 COMPILATION COMPLETE.  0 WARNING(S),  0 ERROR(S)
