C51 COMPILER V9.55   IIC                                                                   03/24/2020 21:15:47 PAGE 1   


C51 COMPILER V9.55, COMPILATION OF MODULE IIC
OBJECT MODULE PLACED IN .\Objects\iic.obj
COMPILER INVOKED BY: C:\Keil_v5\C51\BIN\C51.EXE iic.c OPTIMIZE(8,SPEED) BROWSE DEBUG OBJECTEXTEND PRINT(.\Listings\iic.l
                    -st) TABS(2) OBJECT(.\Objects\iic.obj)

line level    source

   1          /*
   2            程序说明: IIC总线驱动程序
   3            软件环境: Keil uVision 4.10 
   4            硬件环境: CT107单片机综合实训平台 8051，12MHz
   5            日    期: 2011-8-9
   6          */
   7          
   8          #include "reg52.h"
   9          #include "intrins.h"
  10          
  11          #define somenop {_nop_();_nop_();_nop_();_nop_();_nop_();}    
  12          
  13          
  14          #define SlaveAddrW 0xA0
  15          #define SlaveAddrR 0xA1
  16          
  17          //总线引脚定义
  18          sbit SDA = P2^1;  /* 数据线 */
  19          sbit SCL = P2^0;  /* 时钟线 */
  20          
  21          
  22          //总线启动条件
  23          void IIC_Start(void)
  24          {
  25   1        SDA = 1;
  26   1        SCL = 1;
  27   1        somenop;
  28   1        SDA = 0;
  29   1        somenop;
  30   1        SCL = 0;  
  31   1      }
  32          
  33          //总线停止条件
  34          void IIC_Stop(void)
  35          {
  36   1        SDA = 0;
  37   1        SCL = 1;
  38   1        somenop;
  39   1        SDA = 1;
  40   1      }
  41          
  42          //等待应答
  43          bit IIC_WaitAck(void)
  44          {
  45   1        SDA = 1;
  46   1        somenop;
  47   1        SCL = 1;
  48   1        somenop;
  49   1        if(SDA)    
  50   1        {   
  51   2          SCL = 0;
  52   2          IIC_Stop();
  53   2          return 0;
  54   2        }
C51 COMPILER V9.55   IIC                                                                   03/24/2020 21:15:47 PAGE 2   

  55   1        else  
  56   1        { 
  57   2          SCL = 0;
  58   2          return 1;
  59   2        }
  60   1      }
  61          
  62          //通过I2C总线发送数据
  63          void IIC_SendByte(unsigned char byt)
  64          {
  65   1        unsigned char i;
  66   1        for(i=0;i<8;i++)
  67   1        {   
  68   2          if(byt&0x80) 
  69   2          { 
  70   3            SDA = 1;
  71   3          }
  72   2          else 
  73   2          {
  74   3            SDA = 0;
  75   3          }
  76   2          somenop;
  77   2          SCL = 1;
  78   2          byt <<= 1;
  79   2          somenop;
  80   2          SCL = 0;
  81   2        }
  82   1      }
  83          
  84          //从I2C总线上接收数据
  85          unsigned char IIC_RecByte(void)
  86          {
  87   1        unsigned char da;
  88   1        unsigned char i;
  89   1        
  90   1        for(i=0;i<8;i++)
  91   1        {   
  92   2          SCL = 1;
  93   2          somenop;
  94   2          da <<= 1;
  95   2          if(SDA) 
  96   2          da |= 0x01;
  97   2          SCL = 0;
  98   2          somenop;
  99   2        }
 100   1        return da;
 101   1      }
 102          unsigned char Read_PCF8591(unsigned char add)
 103          {
 104   1        unsigned char temp;
 105   1        IIC_Start();
 106   1        IIC_SendByte(0X90);
 107   1        IIC_WaitAck();
 108   1        IIC_SendByte(add);
 109   1        IIC_WaitAck();
 110   1        IIC_Stop();
 111   1        
 112   1        IIC_Start();
 113   1        IIC_SendByte(0X91);
 114   1        IIC_WaitAck();
 115   1        temp = IIC_RecByte();
 116   1        return temp;
C51 COMPILER V9.55   IIC                                                                   03/24/2020 21:15:47 PAGE 3   

 117   1      }
 118          unsigned char Read_AT24C02(unsigned char add)
 119          {
 120   1        unsigned char temp;
 121   1        IIC_Start();
 122   1        IIC_SendByte(0Xa0);
 123   1        IIC_WaitAck();
 124   1        IIC_SendByte(add);
 125   1        IIC_WaitAck();
 126   1        IIC_Stop();
 127   1        
 128   1        IIC_Start();
 129   1        IIC_SendByte(0Xa1);
 130   1        IIC_WaitAck();
 131   1        temp = IIC_RecByte();
 132   1        return temp;
 133   1      }
 134          void Write_AT24C02(unsigned char dat,unsigned char add)
 135          {
 136   1        //unsigned char temp;
 137   1        IIC_Start();
 138   1        IIC_SendByte(0Xa0);
 139   1        IIC_WaitAck();
 140   1        IIC_SendByte(add);
 141   1        IIC_WaitAck();
 142   1        IIC_SendByte(dat);
 143   1        IIC_WaitAck();
 144   1        IIC_Stop();
 145   1      }


MODULE INFORMATION:   STATIC OVERLAYABLE
   CODE SIZE        =    202    ----
   CONSTANT SIZE    =   ----    ----
   XDATA SIZE       =   ----    ----
   PDATA SIZE       =   ----    ----
   DATA SIZE        =   ----    ----
   IDATA SIZE       =   ----    ----
   BIT SIZE         =   ----    ----
END OF MODULE INFORMATION.


C51 COMPILATION COMPLETE.  0 WARNING(S),  0 ERROR(S)
