C51 COMPILER V9.55   MAIN                                                                  11/13/2020 21:26:28 PAGE 1   


C51 COMPILER V9.55, COMPILATION OF MODULE MAIN
OBJECT MODULE PLACED IN .\Objects\main.obj
COMPILER INVOKED BY: F:\Keil_v5\C51\BIN\C51.EXE main.c OPTIMIZE(8,SPEED) BROWSE DEBUG OBJECTEXTEND PRINT(.\Listings\main
                    -.lst) OBJECT(.\Objects\main.obj)

line level    source

   1          #include <stc15f2k60s2.h>
   2          #include <intrins.h>
   3          #define u8 unsigned char
   4          #define u16 unsigned int
   5          
   6          sbit TX = P1^0;
   7          sbit RX = P1^1;
   8          
   9          u8 code TAB[] = {0xc0 ,0xf9 ,0xa4 ,0xb0 ,0x99 ,0x92 ,0x82 ,0xf8 ,0x80 ,0x90 , 0xbf ,0xff };
  10          u8 disbuf[] = {0,1,2,3,4,5,6,7,8};
  11          u8 smg_cnt = 0;
  12          
  13          u8 wave_tt = 0;
  14          bit wave_flag = 0;
  15          
  16          void Delay10us()                //@12.000MHz
  17          {
  18   1              unsigned char i;
  19   1      
  20   1              _nop_();
  21   1              _nop_();
  22   1              i = 27;
  23   1              while (--i);
  24   1      }
  25          
  26          void set_port(u8 p2,u8 p0)
  27          {
  28   1              P0 = p0;
  29   1              P2 &= 0X1F;
  30   1              P2 |= p2;
  31   1              P0 = p0;
  32   1              P2 &= 0X1F;
  33   1      }
  34          
  35          void allinit(void)
  36          {
  37   1              set_port(0x80,0xff);
  38   1              set_port(0xa0,0x00);
  39   1              set_port(0xc0,0xff);
  40   1              set_port(0xe0,0xff);
  41   1      }
  42          
  43          void Timer2Init(void)           //1毫秒@12.000MHz
  44          {
  45   1              AUXR |= 0x04;           //定时器时钟1T模式
  46   1              T2L = 0x20;             //设置定时初值
  47   1              T2H = 0xD1;             //设置定时初值
  48   1              AUXR |= 0x10;           //定时器2开始计时
  49   1      }
  50          
  51          void timer2(void) interrupt 12
  52          {
  53   1              set_port(0xc0,0x01 << smg_cnt);
  54   1              set_port(0xe0,TAB[disbuf[smg_cnt + 1]]);
C51 COMPILER V9.55   MAIN                                                                  11/13/2020 21:26:28 PAGE 2   

  55   1              if(++smg_cnt >= 8) smg_cnt = 0;
  56   1              
  57   1              if(++wave_tt >= 200)
  58   1              {
  59   2                      wave_tt = 0;
  60   2                      wave_flag = 1;
  61   2              }
  62   1      }
  63          
  64          void Timer1Init(void)           //8微秒@12.000MHz
  65          {
  66   1              AUXR &= 0xBF;           //定时器时钟12T模式
  67   1              TMOD &= 0x0F;           //设置定时器模式
  68   1              TL1 = 0;                //设置定时初值
  69   1              TH1 = 0;                //设置定时初值
  70   1              TF1 = 0;                //清除TF1标志
  71   1              TR1 = 0;                //定时器1开始计时
  72   1      }
  73          
  74          unsigned char Wave_Recv(void)
  75          {
  76   1              u8 distance, num = 20;
  77   1              TX = 0;
  78   1              TR1 = 0;                //定时器1开始计时
  79   1              // TX 引脚发送 40kHz 方波信号驱动超声波发送探头
  80   1              while(num--)
  81   1              {
  82   2                      Delay10us();
  83   2                      TX ^= 1;
  84   2              }
  85   1              TR1 = 0;
  86   1              TL1 = 0;
  87   1              TH1 = 0;
  88   1              TR1 = 1;
  89   1              while(RX && !TF1);      // 注意这里应该是&& ,只要两个条件中有一个不满足就应该跳出循环
  90   1              TR1 = 0;
  91   1              if(TF1)
  92   1              {
  93   2                      TF1 = 0;
  94   2                      distance = 255;
  95   2              }
  96   1              else
  97   1              {
  98   2                      distance = ((TH1 << 8) + TL1) * 0.017;
  99   2                      // x / 1000000 /2 * 340 * 100 cm
 100   2              }
 101   1              return distance;
 102   1      }
 103          
 104          void main(void)
 105          {
 106   1              IE2 |= 0x04;
 107   1              EA = 1;
 108   1              allinit();
 109   1              Timer2Init();
 110   1              Timer1Init();
 111   1              while(1)
 112   1              {
 113   2                      if(wave_flag)
 114   2                      {
 115   3                              u8 distance;
 116   3                              wave_flag = 0;
C51 COMPILER V9.55   MAIN                                                                  11/13/2020 21:26:28 PAGE 3   

 117   3                              distance = Wave_Recv();
 118   3                              disbuf[5] = 10;
 119   3                              disbuf[6] = distance / 100 % 10;
 120   3                              disbuf[7] = distance / 10 % 10;
 121   3                              disbuf[8] = distance % 10;
 122   3                      }
 123   2              }
 124   1      }


MODULE INFORMATION:   STATIC OVERLAYABLE
   CODE SIZE        =    318    ----
   CONSTANT SIZE    =     12    ----
   XDATA SIZE       =   ----    ----
   PDATA SIZE       =   ----    ----
   DATA SIZE        =     11       1
   IDATA SIZE       =   ----    ----
   BIT SIZE         =      1    ----
END OF MODULE INFORMATION.


C51 COMPILATION COMPLETE.  0 WARNING(S),  0 ERROR(S)
