C51 COMPILER V9.55   DS1302                                                                10/14/2020 22:25:07 PAGE 1   


C51 COMPILER V9.55, COMPILATION OF MODULE DS1302
OBJECT MODULE PLACED IN .\Objects\ds1302.obj
COMPILER INVOKED BY: F:\Keil_v5\C51\BIN\C51.EXE ds1302.c OPTIMIZE(8,SPEED) BROWSE DEBUG OBJECTEXTEND PRINT(.\Listings\ds
                    -1302.lst) OBJECT(.\Objects\ds1302.obj)

line level    source

   1          /*
   2            程序说明: DS1302驱动程序
   3            软件环境: Keil uVision 4.10 
   4            硬件环境: CT107单片机综合实训平台 8051，12MHz
   5            日    期: 2011-8-9
   6          */
   7          
   8          #include <STC15F2K60S2.h>
   9          #include <intrins.h>
  10          
  11          sbit SCK=P1^7;          
  12          sbit SDA=P2^3;          
  13          sbit RST = P1^3;   // DS1302复位                                                                                                
  14          
  15          unsigned char TIME[] = {0x50,0x59,0x23};
  16          
  17          void Write_Ds1302_Byte(unsigned  char temp) 
  18          {
  19   1              unsigned char i;
  20   1              for (i=0;i<8;i++)       
  21   1              { 
  22   2                      SCK=0;
  23   2                      SDA=temp&0x01;
  24   2                      temp>>=1; 
  25   2                      SCK=1;
  26   2              }
  27   1      }   
  28          
  29          void Write_Ds1302( unsigned char address,unsigned char dat )     
  30          {
  31   1              RST=0;
  32   1              _nop_();
  33   1              SCK=0;
  34   1              _nop_();
  35   1              RST=1;  
  36   1              _nop_();  
  37   1              Write_Ds1302_Byte(address);     
  38   1              Write_Ds1302_Byte(dat);         
  39   1              RST=0; 
  40   1      }
  41          
  42          unsigned char Read_Ds1302 ( unsigned char address )
  43          {
  44   1              unsigned char i,temp=0x00;
  45   1              RST=0;
  46   1              _nop_();
  47   1              SCK=0;
  48   1              _nop_();
  49   1              RST=1;
  50   1              _nop_();
  51   1              Write_Ds1302_Byte(address);
  52   1              for (i=0;i<8;i++)       
  53   1              {               
  54   2                      SCK=0;
C51 COMPILER V9.55   DS1302                                                                10/14/2020 22:25:07 PAGE 2   

  55   2                      temp>>=1;       
  56   2                      if(SDA)
  57   2                      temp|=0x80;     
  58   2                      SCK=1;
  59   2              } 
  60   1              RST=0;
  61   1              _nop_();
  62   1              RST=0;
  63   1              SCK=0;
  64   1              _nop_();
  65   1              SCK=1;
  66   1              _nop_();
  67   1              SDA=0;
  68   1              _nop_();
  69   1              SDA=1;
  70   1              _nop_();
  71   1              return (temp);                  
  72   1      }
  73          void dis1302_init(void)
  74          {
  75   1              Write_Ds1302(0x8e,0x00);
  76   1              Write_Ds1302(0x80,TIME[0]);
  77   1              Write_Ds1302(0x82,TIME[1]);
  78   1              Write_Ds1302(0x84,TIME[2]);
  79   1              Write_Ds1302(0x8e,0x80);
  80   1      }
  81          void dis1302_read(void)
  82          {
  83   1              Write_Ds1302(0x8e,0x00);
  84   1              TIME[0] = Read_Ds1302(0x80 | 1);
  85   1              TIME[1] = Read_Ds1302(0x82 | 1);
  86   1              TIME[2] = Read_Ds1302(0x84 | 1);
  87   1              Write_Ds1302(0x8e,0x80);
  88   1      }


MODULE INFORMATION:   STATIC OVERLAYABLE
   CODE SIZE        =    163    ----
   CONSTANT SIZE    =   ----    ----
   XDATA SIZE       =   ----    ----
   PDATA SIZE       =   ----    ----
   DATA SIZE        =      3    ----
   IDATA SIZE       =   ----    ----
   BIT SIZE         =   ----    ----
END OF MODULE INFORMATION.


C51 COMPILATION COMPLETE.  0 WARNING(S),  0 ERROR(S)
