C51 COMPILER V9.55   ONEWIRE                                                               10/14/2020 22:25:07 PAGE 1   


C51 COMPILER V9.55, COMPILATION OF MODULE ONEWIRE
OBJECT MODULE PLACED IN .\Objects\onewire.obj
COMPILER INVOKED BY: F:\Keil_v5\C51\BIN\C51.EXE onewire.c OPTIMIZE(8,SPEED) BROWSE DEBUG OBJECTEXTEND PRINT(.\Listings\o
                    -newire.lst) OBJECT(.\Objects\onewire.obj)

line level    source

   1          /*
   2            程序说明: 单总线驱动程序
   3            软件环境: Keil uVision 4.10 
   4            硬件环境: CT107单片机综合实训平台(外部晶振12MHz) STC89C52RC单片机
   5            日    期: 2011-8-9
   6          */
   7          #include "stc15f2k60s2.h"
   8          
   9          sbit DQ = P1^4;  //单总线接口
  10          void Write_DS18B20(unsigned char dat);
  11          unsigned char Read_DS18B20(void);
  12          bit init_ds18b20(void);
  13          void Delay_OneWire(unsigned int t);  //STC89C52RC
  14          float rd_temperature(void);
  15          
  16          float rd_temperature(void)
  17          {
  18   1              unsigned int temp;
  19   1              unsigned char high,low;
  20   1              init_ds18b20();
  21   1              Write_DS18B20(0xcc);
  22   1              Write_DS18B20(0x44);
  23   1              
  24   1              init_ds18b20();
  25   1              Write_DS18B20(0xcc);
  26   1              Write_DS18B20(0xbe);
  27   1              low = Read_DS18B20();
  28   1              high = Read_DS18B20();
  29   1              
  30   1              temp = high & 0x07;
  31   1              temp <<= 8;
  32   1              temp |= low;
  33   1              return temp * 0.0625;
  34   1      }
  35          
  36          //通过单总线向DS18B20写一个字节
  37          void Write_DS18B20(unsigned char dat)
  38          {
  39   1              unsigned char i;
  40   1              for(i=0;i<8;i++)
  41   1              {
  42   2                      DQ = 0;
  43   2                      DQ = dat&0x01;
  44   2                      Delay_OneWire(5);
  45   2                      DQ = 1;
  46   2                      dat >>= 1;
  47   2              }
  48   1              Delay_OneWire(5);
  49   1      }
  50          
  51          //从DS18B20读取一个字节
  52          unsigned char Read_DS18B20(void)
  53          {
  54   1              unsigned char i;
C51 COMPILER V9.55   ONEWIRE                                                               10/14/2020 22:25:07 PAGE 2   

  55   1              unsigned char dat;
  56   1        
  57   1              for(i=0;i<8;i++)
  58   1              {
  59   2                      DQ = 0;
  60   2                      dat >>= 1;
  61   2                      DQ = 1;
  62   2                      if(DQ)
  63   2                      {
  64   3                              dat |= 0x80;
  65   3                      }           
  66   2                      Delay_OneWire(5);
  67   2              }
  68   1              return dat;
  69   1      }
  70          
  71          //DS18B20设备初始化
  72          bit init_ds18b20(void)
  73          {
  74   1              bit initflag = 0;
  75   1              
  76   1              DQ = 1;
  77   1              Delay_OneWire(12);
  78   1              DQ = 0;
  79   1              Delay_OneWire(80);
  80   1              DQ = 1;
  81   1              Delay_OneWire(10); 
  82   1          initflag = DQ;     
  83   1              Delay_OneWire(5);
  84   1        
  85   1              return initflag;
  86   1      }
  87          
  88          //单总线延时函数
  89          void Delay_OneWire(unsigned int t)  //STC89C52RC
  90          {
  91   1              t *= 10;
  92   1              while(t--);
  93   1      }


MODULE INFORMATION:   STATIC OVERLAYABLE
   CODE SIZE        =    194    ----
   CONSTANT SIZE    =   ----    ----
   XDATA SIZE       =   ----    ----
   PDATA SIZE       =   ----    ----
   DATA SIZE        =   ----       5
   IDATA SIZE       =   ----    ----
   BIT SIZE         =   ----       1
END OF MODULE INFORMATION.


C51 COMPILATION COMPLETE.  0 WARNING(S),  0 ERROR(S)
