C51 COMPILER V9.55   DS1302                                                                10/03/2020 13:29:00 PAGE 1   


C51 COMPILER V9.55, COMPILATION OF MODULE DS1302
OBJECT MODULE PLACED IN .\Objects\ds1302.obj
COMPILER INVOKED BY: F:\Keil_v5\C51\BIN\C51.EXE ds1302.c OPTIMIZE(8,SPEED) BROWSE DEBUG OBJECTEXTEND PRINT(.\Listings\ds
                    -1302.lst) OBJECT(.\Objects\ds1302.obj)

line level    source

   1          /*
   2            程序说明: DS1302驱动程序
   3            软件环境: Keil uVision 4.10 
   4            硬件环境: CT107单片机综合实训平台 8051，12MHz
   5            日    期: 2011-8-9
   6          */
   7          
   8          #include <stc15f2k60s2.h>
   9          #include <intrins.h>
  10          
  11          sbit SCK=P1^7;          
  12          sbit SDA=P2^3;          
  13          sbit RST = P1^3;   // DS1302复位        
  14          unsigned char time[] = {0x50,0x59,0x23};                                                                                        
  15          
  16          void Write_Ds1302(unsigned  char temp) 
  17          {
  18   1              unsigned char i;
  19   1              for (i=0;i<8;i++)       
  20   1              { 
  21   2                      SCK=0;
  22   2                      SDA=temp&0x01;
  23   2                      temp>>=1; 
  24   2                      SCK=1;
  25   2              }
  26   1      }   
  27          
  28          void Write_Ds1302_Byte( unsigned char address,unsigned char dat )     
  29          {
  30   1              RST=0;  _nop_();
  31   1              SCK=0;  _nop_();
  32   1              RST=1;  _nop_();  
  33   1              Write_Ds1302(address);  
  34   1              Write_Ds1302(dat);              
  35   1              RST=0; 
  36   1      }
  37          
  38          unsigned char Read_Ds1302_Byte ( unsigned char address )
  39          {
  40   1              unsigned char i,temp=0x00;
  41   1              RST=0;  _nop_();
  42   1              SCK=0;  _nop_();
  43   1              RST=1;  _nop_();
  44   1              Write_Ds1302(address);
  45   1              for (i=0;i<8;i++)       
  46   1              {               
  47   2                      SCK=0;
  48   2                      temp>>=1;       
  49   2                      if(SDA)
  50   2                      temp|=0x80;     
  51   2                      SCK=1;
  52   2              } 
  53   1              RST=0;  _nop_();
  54   1              SCK=0;  _nop_();
C51 COMPILER V9.55   DS1302                                                                10/03/2020 13:29:00 PAGE 2   

  55   1              SCK=1;  _nop_();
  56   1              SDA=0;  _nop_();
  57   1              SDA=1;  _nop_();
  58   1              return (temp);                  
  59   1      }
  60          void ds1302_init(void)
  61          {
  62   1              Write_Ds1302_Byte(0x8e,0x00);
  63   1              Write_Ds1302_Byte(0x80,time[0]);
  64   1              Write_Ds1302_Byte(0x82,time[1]);
  65   1              Write_Ds1302_Byte(0x84,time[2]);
  66   1              Write_Ds1302_Byte(0x8e,0x80);
  67   1      }
  68          void ds1302_read(void)
  69          {
  70   1              Write_Ds1302_Byte(0x8e,0x00);
  71   1              time[0] = Read_Ds1302_Byte(0x81);
  72   1              time[1] = Read_Ds1302_Byte(0x83);
  73   1              time[2] = Read_Ds1302_Byte(0x85);
  74   1              Write_Ds1302_Byte(0x8e,0x00);
  75   1      }
  76          


MODULE INFORMATION:   STATIC OVERLAYABLE
   CODE SIZE        =    161    ----
   CONSTANT SIZE    =   ----    ----
   XDATA SIZE       =   ----    ----
   PDATA SIZE       =   ----    ----
   DATA SIZE        =      3    ----
   IDATA SIZE       =   ----    ----
   BIT SIZE         =   ----    ----
END OF MODULE INFORMATION.


C51 COMPILATION COMPLETE.  0 WARNING(S),  0 ERROR(S)
