C51 COMPILER V9.55   NAIN                                                                  10/03/2020 13:29:00 PAGE 1   


C51 COMPILER V9.55, COMPILATION OF MODULE NAIN
OBJECT MODULE PLACED IN .\Objects\nain.obj
COMPILER INVOKED BY: F:\Keil_v5\C51\BIN\C51.EXE nain.c OPTIMIZE(8,SPEED) BROWSE DEBUG OBJECTEXTEND PRINT(.\Listings\nain
                    -.lst) OBJECT(.\Objects\nain.obj)

line level    source

   1          #include "stc15f2k60s2.h"
   2          #include "ds1302.h"
   3          #include "onewire.h"
   4          #define u8 unsigned char
   5          #define u16 unsigned int
   6          
   7          u8 code TAB[] = {0xc0,0xf9,0xa4,0xb0,0x99,0x92,0x82,0xf8,0x80,0x90,0xbf,0xff};
   8          u8 disbuf[] = {0,1,2,3,4,5,6,7,8};
   9          u8 alarmbuf[] = {0,0,0};
  10          u8 timebuf[] = {0,0,0};
  11          bit alarm_run = 0;
  12          u16 alarm_tt = 0;
  13          u16 alarm_cnt = 0;
  14          u8 seting_clock = 0;
  15          u8 seting_alarm = 0;
  16          bit temperature_flag = 0;
  17          extern u8 time[];
  18          void delay_ms(u16 ms)
  19          {
  20   1              u16 i,j;
  21   1              for(i = ms; i > 0; i--)
  22   1                      for(j = 845; j > 0; j--);
  23   1      }
  24          
  25          void set_port(u8 p2, u8 p0)
  26          {
  27   1              P0 = p0;
  28   1              P2 &= 0X1F;
  29   1              P2 |= p2;
  30   1              P0 = p0;
  31   1              P2 &= 0X1F;
  32   1      }
  33          
  34          void allinit(void)
  35          {
  36   1              set_port(0x80,0xff);
  37   1              set_port(0xa0,0x00);
  38   1              set_port(0xc0,0xff);
  39   1              set_port(0xe0,0xff);
  40   1      }
  41          
  42          void BTN(void)
  43          {
  44   1              static u8 key_buf = 0;
  45   1              u8 key_temp = P3 & 0X0F;
  46   1              if(key_temp != 0x0f && !key_buf)
  47   1              {
  48   2                      delay_ms(5);
  49   2                      key_temp = P3 & 0X0F;
  50   2                      if(key_temp != 0x0f)
  51   2                      {
  52   3                              key_buf = key_temp;
  53   3                              if(!seting_clock && !seting_alarm)
  54   3                              {
C51 COMPILER V9.55   NAIN                                                                  10/03/2020 13:29:00 PAGE 2   

  55   4                                      if(key_buf == 0x07)
  56   4                                      {
  57   5                                              temperature_flag = 1;
  58   5                                      }
  59   4                              }
  60   3                      }
  61   2              }
  62   1              else if(key_temp == 0x0f && key_buf)
  63   1              {
  64   2                      delay_ms(5);
  65   2                      key_temp = P3 & 0X0F;
  66   2                      if(temperature_flag)
  67   2                      {
  68   3                              temperature_flag = 0;
  69   3                              alarm_run = 0;
  70   3                              set_port(0x80,0xff);
  71   3                      }
  72   2                      else if(alarm_run)
  73   2                      {
  74   3                              alarm_run = 0;
  75   3                              set_port(0x80,0xff);
  76   3                      }
  77   2                      else
  78   2                      {
  79   3                              if(key_temp == 0x0f)
  80   3                              {
  81   4                                      switch(key_buf)
  82   4                                      {
  83   5                                              case 0x0e:
  84   5                                                      if(seting_clock == 0 && seting_alarm == 0) seting_clock = 1;
  85   5                                                      else if(seting_clock == 1 && seting_alarm == 0) seting_clock = 2;
  86   5                                                      else if(seting_clock == 2 && seting_alarm == 0) seting_clock = 3;
  87   5                                                      else if(seting_clock == 3 && seting_alarm == 0)
  88   5                                                      {
  89   6                                                              seting_clock = 0;
  90   6                                                              time[2] = (timebuf[0] / 10) << 4 | (timebuf[0] % 10) ;
  91   6                                                              time[1] = (timebuf[1] / 10) << 4 | (timebuf[1] % 10) ;
  92   6                                                              time[0] = (timebuf[2] / 10) << 4 | (timebuf[2] % 10) ;
  93   6                                                              ds1302_init();
  94   6                                                      }
  95   5                                              break;
  96   5                                              case 0x0d: 
  97   5                                                      if(seting_clock == 0 && seting_alarm == 0) 
  98   5                                                      {
  99   6                                                              seting_alarm = 1;
 100   6                                                              alarmbuf[0] = (alarmbuf[0] % 16) | (alarmbuf[0] / 16 * 10) ;
 101   6                                                              alarmbuf[1] = (alarmbuf[1] % 16) | (alarmbuf[1] / 16 * 10) ;
 102   6                                                              alarmbuf[2] = (alarmbuf[2] % 16) | (alarmbuf[2] / 16 * 10) ;
 103   6                                                      }
 104   5                                                      else if(seting_clock == 0 && seting_alarm == 1) seting_alarm = 2;
 105   5                                                      else if(seting_clock == 0 && seting_alarm == 2) seting_alarm = 3;
 106   5                                                      else if(seting_clock == 0 && seting_alarm == 3)
 107   5                                                      {
 108   6                                                              seting_alarm = 0;
 109   6                                                              alarmbuf[0] = (alarmbuf[0] / 10) << 4 | (alarmbuf[0] % 10) ;
 110   6                                                              alarmbuf[1] = (alarmbuf[1] / 10) << 4 | (alarmbuf[1] % 10) ;
 111   6                                                              alarmbuf[2] = (alarmbuf[2] / 10) << 4 | (alarmbuf[2] % 10) ;
 112   6                                                      }
 113   5                                              break;
 114   5                                              case 0x0b: 
 115   5                                                      if(seting_clock)
 116   5                                                      {
C51 COMPILER V9.55   NAIN                                                                  10/03/2020 13:29:00 PAGE 3   

 117   6                                                              if(seting_clock == 1)
 118   6                                                              {
 119   7                                                                      if(timebuf[seting_clock - 1] != 23) timebuf[seting_clock - 1]++;
 120   7                                                              }
 121   6                                                              else
 122   6                                                              {
 123   7                                                                      if(timebuf[seting_clock - 1] != 59) timebuf[seting_clock - 1]++;
 124   7                                                              }
 125   6                                                      }
 126   5                                                      else if(seting_alarm)
 127   5                                                      {
 128   6                                                              if(seting_alarm == 1)
 129   6                                                              {
 130   7                                                                      if(alarmbuf[seting_alarm - 1] != 23) alarmbuf[seting_alarm - 1]++;
 131   7                                                              }
 132   6                                                              else
 133   6                                                              {
 134   7                                                                      if(alarmbuf[seting_alarm - 1] != 59) alarmbuf[seting_alarm - 1]++;
 135   7                                                              }
 136   6                                                      }
 137   5                                              break;
 138   5                                              case 0x07: 
 139   5                                                      if(seting_clock)
 140   5                                                      {
 141   6                                                              if(timebuf[seting_clock - 1] != 0) timebuf[seting_clock - 1]--;
 142   6                                                      }
 143   5                                                      else if(seting_alarm)
 144   5                                                      {
 145   6                                                              if(seting_alarm == 1)
 146   6                                                              {
 147   7                                                                      if(alarmbuf[seting_alarm - 1] != 0) alarmbuf[seting_alarm - 1]--;
 148   7                                                              }
 149   6                                                              else
 150   6                                                              {
 151   7                                                                      if(alarmbuf[seting_alarm - 1] != 0) alarmbuf[seting_alarm - 1]--;
 152   7                                                              }
 153   6                                                      }
 154   5                                              break;
 155   5                                      }
 156   4                              }
 157   3                      }
 158   2                      key_buf = 0;
 159   2              }
 160   1      }
 161          
 162          void Timer0Init(void)           //100微秒@11.0592MHz
 163          {
 164   1              AUXR |= 0x80;           //定时器时钟1T模式
 165   1              TMOD &= 0xF0;           //设置定时器模式
 166   1              TL0 = 0xAE;             //设置定时初值
 167   1              TH0 = 0xFB;             //设置定时初值
 168   1              TF0 = 0;                //清除TF0标志
 169   1              TR0 = 1;                //定时器0开始计时
 170   1      }
 171          
 172          void timer0(void) interrupt 1
 173          {
 174   1              static u8 i = 1,dis_tt = 0;
 175   1              static u16 discnt = 0;
 176   1              static bit alarm_flag = 1;
 177   1              static bit dis_flag = 1;
 178   1              if(++dis_tt >= 20)
C51 COMPILER V9.55   NAIN                                                                  10/03/2020 13:29:00 PAGE 4   

 179   1              {
 180   2                      dis_tt = 0;
 181   2                      set_port(0xc0,0xff);
 182   2                      set_port(0xe0,0xff);
 183   2                      if(++discnt >= 500)
 184   2                      {
 185   3                              discnt = 0;
 186   3                              dis_flag = !dis_flag;
 187   3                      }
 188   2                      if((seting_clock == 1 || seting_alarm == 1) && dis_flag)
 189   2                      {
 190   3                              if(i == 1 || i == 2)
 191   3                              {
 192   4                                      set_port(0xc0,0x01 << (i - 1));
 193   4                                      set_port(0xe0,TAB[11]);
 194   4                              }
 195   3                              else
 196   3                              {
 197   4                                      set_port(0xc0,0x01 << (i - 1));
 198   4                                      set_port(0xe0,TAB[disbuf[i]]);
 199   4                              }
 200   3                      }
 201   2                      else if((seting_clock == 2 || seting_alarm == 2) && dis_flag)
 202   2                      {
 203   3                              if(i == 4 || i == 5)
 204   3                              {
 205   4                                      set_port(0xc0,0x01 << (i - 1));
 206   4                                      set_port(0xe0,TAB[11]);
 207   4                              }
 208   3                              else
 209   3                              {
 210   4                                      set_port(0xc0,0x01 << (i - 1));
 211   4                                      set_port(0xe0,TAB[disbuf[i]]);
 212   4                              }
 213   3                      }
 214   2                      else if((seting_clock == 3 || seting_alarm == 3) && dis_flag)
 215   2                      {
 216   3                              if(i == 7 || i == 8)
 217   3                              {
 218   4                                      set_port(0xc0,0x01 << (i - 1));
 219   4                                      set_port(0xe0,TAB[11]);
 220   4                              }
 221   3                              else
 222   3                              {
 223   4                                      set_port(0xc0,0x01 << (i - 1));
 224   4                                      set_port(0xe0,TAB[disbuf[i]]);
 225   4                              }
 226   3                      }
 227   2                      else if(temperature_flag && i == 8)
 228   2                      {
 229   3                              set_port(0xc0,0x01 << (i - 1));
 230   3                              set_port(0xe0,0xc6);
 231   3                      }
 232   2                      else
 233   2                      {
 234   3                              set_port(0xc0,0x01 << (i - 1));
 235   3                              set_port(0xe0,TAB[disbuf[i]]);
 236   3                      }
 237   2                      if(++i == 9) i = 1;
 238   2              }
 239   1              if(alarm_run && ++alarm_tt >= 2000)
 240   1              {
C51 COMPILER V9.55   NAIN                                                                  10/03/2020 13:29:00 PAGE 5   

 241   2                      alarm_tt = 0;
 242   2                      if(alarm_flag)
 243   2                      {
 244   3                              set_port(0x80,0xfe);
 245   3                      }
 246   2                      else
 247   2                      {
 248   3                              set_port(0x80,0xff);
 249   3                      }
 250   2                      alarm_flag = ! alarm_flag;
 251   2                      if(++alarm_cnt >= 25)
 252   2                      {
 253   3                              alarm_cnt = 0;
 254   3                              alarm_run = 0;
 255   3                              set_port(0x80,0xff);
 256   3                      }
 257   2              }
 258   1      }
 259          
 260          void main(void)
 261          {
 262   1              u16 temp;
 263   1              allinit();
 264   1              Timer0Init();
 265   1              ds1302_init();
 266   1              ET0 = 1;
 267   1              EA = 1;
 268   1              while(1)
 269   1              {
 270   2                      BTN();
 271   2                      if(seting_clock == 0 && seting_alarm == 0 && !temperature_flag)
 272   2                      {
 273   3                              ds1302_read();
 274   3                              disbuf[1] = time[2] / 16;
 275   3                              disbuf[2] = time[2] % 16;
 276   3                              disbuf[3] = 10;
 277   3                              disbuf[4] = time[1] / 16;
 278   3                              disbuf[5] = time[1] % 16;
 279   3                              disbuf[6] = 10;
 280   3                              disbuf[7] = time[0] / 16;
 281   3                              disbuf[8] = time[0] % 16;                       
 282   3                      }
 283   2                      else if(seting_clock && !temperature_flag)
 284   2                      {
 285   3                              disbuf[1] = timebuf[0] / 10;
 286   3                              disbuf[2] = timebuf[0] % 10;
 287   3                              disbuf[3] = 10;
 288   3                              disbuf[4] = timebuf[1] / 10;
 289   3                              disbuf[5] = timebuf[1] % 10;
 290   3                              disbuf[6] = 10;           
 291   3                              disbuf[7] = timebuf[2] / 10;
 292   3                              disbuf[8] = timebuf[2] % 10;    
 293   3                      }
 294   2                      else if(seting_alarm && !temperature_flag)
 295   2                      {
 296   3                              disbuf[1] = alarmbuf[0] / 10;
 297   3                              disbuf[2] = alarmbuf[0] % 10;
 298   3                              disbuf[3] = 10;
 299   3                              disbuf[4] = alarmbuf[1] / 10;
 300   3                              disbuf[5] = alarmbuf[1] % 10;
 301   3                              disbuf[6] = 10;           
 302   3                              disbuf[7] = alarmbuf[2] / 10;
C51 COMPILER V9.55   NAIN                                                                  10/03/2020 13:29:00 PAGE 6   

 303   3                              disbuf[8] = alarmbuf[2] % 10;   
 304   3                      }
 305   2                      else if(temperature_flag)
 306   2                      {
 307   3                              temp = (u16)ds18b20_read();
 308   3                              disbuf[1] = 11;
 309   3                              disbuf[2] = 11;
 310   3                              disbuf[3] = 11;
 311   3                              disbuf[4] = 11;
 312   3                              disbuf[5] = 11;
 313   3                              disbuf[6] = temp / 10;           
 314   3                              disbuf[7] = temp % 10;
 315   3                      }
 316   2                      if(alarmbuf[2] == time[0] && alarmbuf[1] == time[1] && alarmbuf[0] == time[2])
 317   2                      {
 318   3                              alarm_run = 1;
 319   3                              alarm_cnt = 0;
 320   3                      }
 321   2              }
 322   1      }


MODULE INFORMATION:   STATIC OVERLAYABLE
   CODE SIZE        =   1361    ----
   CONSTANT SIZE    =     12    ----
   XDATA SIZE       =   ----    ----
   PDATA SIZE       =   ----    ----
   DATA SIZE        =     26    ----
   IDATA SIZE       =   ----    ----
   BIT SIZE         =      4    ----
END OF MODULE INFORMATION.


C51 COMPILATION COMPLETE.  0 WARNING(S),  0 ERROR(S)
