C51 COMPILER V9.55   MAIN                                                                  11/03/2020 22:08:26 PAGE 1   


C51 COMPILER V9.55, COMPILATION OF MODULE MAIN
OBJECT MODULE PLACED IN .\Objects\main.obj
COMPILER INVOKED BY: F:\Keil_v5\C51\BIN\C51.EXE main.c OPTIMIZE(8,SPEED) BROWSE DEBUG OBJECTEXTEND PRINT(.\Listings\main
                    -.lst) OBJECT(.\Objects\main.obj)

line level    source

   1          #include <stc15f2k60s2.h>
   2          
   3          #define u8 unsigned char
   4          #define u16 unsigned int
   5          
   6          #define get() (P3 & 0X3F) | ((P4 & 0X10) << 3) | ((P4 & 0X04) << 4)
   7          
   8          u8 code TAB[] = {0xc0,0xf9,0xa4,0xb0,0x99,0x92,0x82,0xf8,0x80,0x90,0xbf,0xff};
   9          u8 disbuf[] = {0,1,2,3,4,5,6,7,8};
  10          
  11          u8 key_buf = 0;
  12          u8 smg_cnt = 0;
  13          
  14          void Delay5ms()         //@12.000MHz
  15          {
  16   1              unsigned char i, j;
  17   1      
  18   1              i = 59;
  19   1              j = 90;
  20   1              do
  21   1              {
  22   2                      while (--j);
  23   2              } while (--i);
  24   1      }
  25          
  26          void set_port(u8 p2,u8 p0)
  27          {
  28   1              P2 = (P2 & 0X1F) | p2;  // 不能影响其他位，否则可能会对其他的协议造成影响
  29   1              P0 = p0;
  30   1              P2 &= 0X1F;
  31   1      }
  32          
  33          void allinit(void)
  34          {
  35   1              set_port(0x80,0xff);
  36   1              set_port(0xc0,0xff);
  37   1              set_port(0xe0,0xff);
  38   1              set_port(0xa0,0x00);
  39   1      }
  40          
  41          void KBD(void)
  42          {
  43   1              u8 key_temp ;
  44   1              P3 = 0X0F; P44 = 0; P42 = 0;
  45   1              key_temp = get();
  46   1              P3 = 0XF0; P44 = 1; P42 = 1;
  47   1              key_temp |= get();
  48   1              
  49   1              if(key_temp != 0xff && !key_buf)
  50   1              {
  51   2                      Delay5ms();
  52   2                      P3 = 0X0F; P44 = 0; P42 = 0;
  53   2                      key_temp = get();
  54   2                      P3 = 0XF0; P44 = 1; P42 = 1;
C51 COMPILER V9.55   MAIN                                                                  11/03/2020 22:08:26 PAGE 2   

  55   2                      key_temp |= get();
  56   2                      if(key_temp != 0xff && !key_buf)
  57   2                      {       
  58   3                              key_buf = key_temp;
  59   3                      }
  60   2              }
  61   1              else if(key_temp == 0xff && key_buf)
  62   1              {
  63   2                      Delay5ms();
  64   2                      P3 = 0X0F; P44 = 0; P42 = 0;
  65   2                      key_temp = get();
  66   2                      P3 = 0XF0; P44 = 1; P42 = 1;
  67   2                      key_temp |= get();
  68   2                      if(key_temp == 0xff && key_buf)
  69   2                      {       
  70   3                              switch(key_buf) // 这里要特别注意是key_buf，不要粗心写成了key_temp
  71   3                              {
  72   4                                      case 0x7e: disbuf[1] = 7; disbuf[2] = 10; disbuf[3] = 10; break;
  73   4                                      case 0x7d: disbuf[1] = 6; disbuf[2] = 10; disbuf[3] = 10; break;
  74   4                                      case 0x7b: disbuf[1] = 5; disbuf[2] = 10; disbuf[3] = 10; break;
  75   4                                      case 0x77: disbuf[1] = 4; disbuf[2] = 10; disbuf[3] = 10; break;
  76   4                                      
  77   4                                      case 0xbe: disbuf[1] = 1; disbuf[2] = 1; disbuf[3] = 10; break;
  78   4                                      case 0xbd: disbuf[1] = 1; disbuf[2] = 0; disbuf[3] = 10; break;
  79   4                                      case 0xbb: disbuf[1] = 0; disbuf[2] = 9; disbuf[3] = 10; break;
  80   4                                      case 0xb7: disbuf[1] = 0; disbuf[2] = 8; disbuf[3] = 10; break;
  81   4                                      
  82   4                                      case 0xde: disbuf[1] = 1; disbuf[2] = 5; disbuf[3] = 10; break;
  83   4                                      case 0xdd: disbuf[1] = 1; disbuf[2] = 4; disbuf[3] = 10; break;
  84   4                                      case 0xdb: disbuf[1] = 1; disbuf[2] = 3; disbuf[3] = 10; break;
  85   4                                      case 0xd7: disbuf[1] = 1; disbuf[2] = 2; disbuf[3] = 10; break;
  86   4                                                             
  87   4                                      case 0xee: disbuf[1] = 1; disbuf[2] = 9; disbuf[3] = 10; break;
  88   4                                      case 0xed: disbuf[1] = 1; disbuf[2] = 8; disbuf[3] = 10; break;
  89   4                                      case 0xeb: disbuf[1] = 1; disbuf[2] = 7; disbuf[3] = 10; break;
  90   4                                      case 0xe7: disbuf[1] = 1; disbuf[2] = 6; disbuf[3] = 10; break;                         
  91   4                              }
  92   3                              key_buf = 0;
  93   3                      }
  94   2              }
  95   1              
  96   1              
  97   1      }
  98          
  99          void Timer2Init(void)           //1毫秒@12.000MHz
 100          {
 101   1              AUXR |= 0x04;           //定时器时钟1T模式
 102   1              T2L = 0x20;             //设置定时初值
 103   1              T2H = 0xD1;             //设置定时初值
 104   1              AUXR |= 0x10;           //定时器2开始计时
 105   1      }
 106          
 107          void timer2(void) interrupt 12
 108          {
 109   1              set_port(0xc0, 0x01 << smg_cnt);
 110   1              set_port(0xe0, TAB[disbuf[smg_cnt + 1]]);
 111   1              if(++smg_cnt >= 8) smg_cnt = 0;
 112   1      }
 113          
 114          void main()
 115          {
 116   1              allinit();
C51 COMPILER V9.55   MAIN                                                                  11/03/2020 22:08:26 PAGE 3   

 117   1              Timer2Init();
 118   1              IE2 |= 0X04;    // 打开定时器2的中断，谨记
 119   1              EA = 1;
 120   1              while(1)
 121   1              {
 122   2                      KBD();
 123   2              }
 124   1      }


MODULE INFORMATION:   STATIC OVERLAYABLE
   CODE SIZE        =    588    ----
   CONSTANT SIZE    =     12    ----
   XDATA SIZE       =   ----    ----
   PDATA SIZE       =   ----    ----
   DATA SIZE        =     11    ----
   IDATA SIZE       =   ----    ----
   BIT SIZE         =   ----    ----
END OF MODULE INFORMATION.


C51 COMPILATION COMPLETE.  0 WARNING(S),  0 ERROR(S)
