C51 COMPILER V9.60.0.0   ONEWIRE                                                           05/08/2021 16:02:33 PAGE 1   


C51 COMPILER V9.60.0.0, COMPILATION OF MODULE ONEWIRE
OBJECT MODULE PLACED IN .\Objects\onewire.obj
COMPILER INVOKED BY: F:\Keil_v5\C51\BIN\C51.EXE onewire.c OPTIMIZE(8,SPEED) BROWSE DEBUG OBJECTEXTEND PRINT(.\Listings\o
                    -newire.lst) TABS(2) OBJECT(.\Objects\onewire.obj)

line level    source

   1          /*
   2            程序说明: 单总线驱动程序
   3            软件环境: Keil uVision 4.10 
   4            硬件环境: CT107单片机综合实训平台(外部晶振12MHz) STC89C52RC单片机
   5            日    期: 2011-8-9
   6          */
   7          #include "onewire.h"
   8          
   9          sbit DQ = P1^4;  //单总线接口
  10          
  11          void Write_DS18B20(unsigned char dat);
  12          unsigned char Read_DS18B20(void);
  13          bit init_ds18b20(void);
  14          void Delay_OneWire(unsigned int t);  //STC89C52RC
  15          float read_temperature(void);
  16          
  17          float read_temperature(void)
  18          {
  19   1        unsigned char high,low;
  20   1        unsigned int temp;
  21   1        
  22   1        init_ds18b20();
  23   1        Write_DS18B20(0xcc);
  24   1        Write_DS18B20(0x44);
  25   1        
  26   1        init_ds18b20();
  27   1        Write_DS18B20(0xcc);
  28   1        Write_DS18B20(0xbe);
  29   1        
  30   1        low = Read_DS18B20();
  31   1        high = Read_DS18B20();
  32   1        
  33   1        temp = high;
  34   1        temp <<= 8;
  35   1        temp |= low;
  36   1        
  37   1        return temp * 0.0625;
  38   1      }
  39          
  40          
  41          //通过单总线向DS18B20写一个字节
  42          void Write_DS18B20(unsigned char dat)
  43          {
  44   1        unsigned char i;
  45   1        for(i=0;i<8;i++)
  46   1        {
  47   2          DQ = 0;
  48   2          DQ = dat&0x01;
  49   2          Delay_OneWire(5);
  50   2          DQ = 1;
  51   2          dat >>= 1;
  52   2        }
  53   1        Delay_OneWire(5);
  54   1      }
C51 COMPILER V9.60.0.0   ONEWIRE                                                           05/08/2021 16:02:33 PAGE 2   

  55          
  56          //从DS18B20读取一个字节
  57          unsigned char Read_DS18B20(void)
  58          {
  59   1        unsigned char i;
  60   1        unsigned char dat;
  61   1        
  62   1        for(i=0;i<8;i++)
  63   1        {
  64   2          DQ = 0;
  65   2          dat >>= 1;
  66   2          DQ = 1;
  67   2          if(DQ)
  68   2          {
  69   3            dat |= 0x80;
  70   3          }     
  71   2          Delay_OneWire(5);
  72   2        }
  73   1        return dat;
  74   1      }
  75          
  76          //DS18B20设备初始化
  77          bit init_ds18b20(void)
  78          {
  79   1          bit initflag = 0;
  80   1          
  81   1          DQ = 1;
  82   1          Delay_OneWire(12);
  83   1          DQ = 0;
  84   1          Delay_OneWire(80);
  85   1          DQ = 1;
  86   1          Delay_OneWire(10); 
  87   1          initflag = DQ;     
  88   1          Delay_OneWire(5);
  89   1        
  90   1          return initflag;
  91   1      }
  92          //单总线延时函数
  93          void Delay_OneWire(unsigned int t)  //STC89C52RC
  94          {
  95   1        t = t*10;
  96   1        while(t--);
  97   1      }


MODULE INFORMATION:   STATIC OVERLAYABLE
   CODE SIZE        =    203    ----
   CONSTANT SIZE    =   ----    ----
   XDATA SIZE       =   ----    ----
   PDATA SIZE       =   ----    ----
   DATA SIZE        =   ----       5
   IDATA SIZE       =   ----    ----
   BIT SIZE         =   ----       1
END OF MODULE INFORMATION.


C51 COMPILATION COMPLETE.  0 WARNING(S),  0 ERROR(S)
