C51 COMPILER V9.55   DS1302                                                                11/01/2020 11:13:19 PAGE 1   


C51 COMPILER V9.55, COMPILATION OF MODULE DS1302
OBJECT MODULE PLACED IN .\Objects\ds1302.obj
COMPILER INVOKED BY: F:\Keil_v5\C51\BIN\C51.EXE ds1302.c OPTIMIZE(8,SPEED) BROWSE DEBUG OBJECTEXTEND PRINT(.\Listings\ds
                    -1302.lst) OBJECT(.\Objects\ds1302.obj)

line level    source

   1          /*
   2            程序说明: DS1302驱动程序
   3            软件环境: Keil uVision 4.10 
   4            硬件环境: CT107单片机综合实训平台 8051，12MHz
   5            日    期: 2011-8-9
   6          */
   7          
   8          #include <stc15f2k60s2.h>
   9          #include <intrins.h>
  10          
  11          unsigned char TIME[] = {0x00,0x59,0x06};
  12          
  13          sbit SCK=P1^7;          
  14          sbit SDA=P2^3;          
  15          sbit RST = P1^3;   // DS1302复位                                                                                                
  16          
  17          void Write_Ds1302(unsigned  char temp) 
  18          {
  19   1              unsigned char i;
  20   1              for (i=0;i<8;i++)       
  21   1              { 
  22   2                      SCK=0;
  23   2                      SDA=temp&0x01;
  24   2                      temp>>=1; 
  25   2                      SCK=1;
  26   2              }
  27   1      }   
  28          
  29          void Write_Ds1302_Byte( unsigned char address,unsigned char dat )     
  30          {
  31   1              RST=0;  _nop_();
  32   1              SCK=0;  _nop_();
  33   1              RST=1;  _nop_();  
  34   1              Write_Ds1302(address);  
  35   1              Write_Ds1302(dat);              
  36   1              RST=0; 
  37   1      }
  38          
  39          unsigned char Read_Ds1302_Byte ( unsigned char address )
  40          {
  41   1              unsigned char i,temp=0x00;
  42   1              RST=0;  _nop_();
  43   1              SCK=0;  _nop_();
  44   1              RST=1;  _nop_();
  45   1              Write_Ds1302(address);
  46   1              for (i=0;i<8;i++)       
  47   1              {               
  48   2                      SCK=0;
  49   2                      temp>>=1;       
  50   2                      if(SDA)
  51   2                      temp|=0x80;     
  52   2                      SCK=1;
  53   2              } 
  54   1              RST=0;  _nop_();
C51 COMPILER V9.55   DS1302                                                                11/01/2020 11:13:19 PAGE 2   

  55   1              SCK=0;  _nop_();
  56   1              SCK=1;  _nop_();
  57   1              SDA=0;  _nop_();
  58   1              SDA=1;  _nop_();
  59   1              return (temp);                  
  60   1      }
  61          
  62          void ds1302_init(void)
  63          {
  64   1              Write_Ds1302_Byte(0x8e,0x00);
  65   1              Write_Ds1302_Byte(0x80,TIME[0]);
  66   1              Write_Ds1302_Byte(0x82,TIME[1]);
  67   1              Write_Ds1302_Byte(0x84,TIME[2]);
  68   1              Write_Ds1302_Byte(0x8e,0x80);
  69   1      }
  70          
  71          void ds1302_get(void)
  72          {
  73   1              Write_Ds1302_Byte(0x8e,0x00);
  74   1              TIME[0] = Read_Ds1302_Byte(0x80|1);
  75   1              TIME[1] = Read_Ds1302_Byte(0x82|1);
  76   1              TIME[2] = Read_Ds1302_Byte(0x84|1);
  77   1              Write_Ds1302_Byte(0x8e,0x80);   
  78   1      }


MODULE INFORMATION:   STATIC OVERLAYABLE
   CODE SIZE        =    161    ----
   CONSTANT SIZE    =   ----    ----
   XDATA SIZE       =   ----    ----
   PDATA SIZE       =   ----    ----
   DATA SIZE        =      3    ----
   IDATA SIZE       =   ----    ----
   BIT SIZE         =   ----    ----
END OF MODULE INFORMATION.


C51 COMPILATION COMPLETE.  0 WARNING(S),  0 ERROR(S)
