C51 COMPILER V9.55   MAIN                                                                  11/03/2020 21:43:30 PAGE 1   


C51 COMPILER V9.55, COMPILATION OF MODULE MAIN
OBJECT MODULE PLACED IN .\Objects\main.obj
COMPILER INVOKED BY: F:\Keil_v5\C51\BIN\C51.EXE main.c OPTIMIZE(8,SPEED) BROWSE DEBUG OBJECTEXTEND PRINT(.\Listings\main
                    -.lst) OBJECT(.\Objects\main.obj)

line level    source

   1          #include "STC15F2K60S2.h"
   2          
   3          #define u8 unsigned char
   4          #define u16 unsigned int
   5          
   6          u8 buffer[20];
   7          u8 buffer_cnt = 0;
   8          
   9          u8 *str = "987654321\r\n";
  10          
  11          u8 key_buf = 0;
  12          
  13          bit busy;
  14          
  15          void Delay5ms()         //@12.000MHz
  16          {
  17   1              unsigned char i, j;
  18   1      
  19   1              i = 59;
  20   1              j = 90;
  21   1              do
  22   1              {
  23   2                      while (--j);
  24   2              } while (--i);
  25   1      }
  26          
  27          void set_port(u8 p2,u8 p0)
  28          {
  29   1              P0 = p0;
  30   1              P2 &= 0X1F;
  31   1              P2 |= p2;
  32   1              P0 = p0;
  33   1              P2 &= 0X1F;
  34   1      }
  35          
  36          void UartInit(void)             //9600bps@12.000MHz
  37          {
  38   1              SCON = 0x50;            //8位数据,可变波特率
  39   1              AUXR |= 0x40;           //定时器1时钟为Fosc,即1T
  40   1              AUXR &= 0xFE;           //串口1选择定时器1为波特率发生器
  41   1              TMOD &= 0x0F;           //设定定时器1为16位自动重装方式
  42   1              TL1 = 0xC7;             //设定定时初值
  43   1              TH1 = 0xFE;             //设定定时初值
  44   1              ET1 = 0;                //禁止定时器1中断
  45   1              TR1 = 1;                //启动定时器1
  46   1      }
  47          
  48          void allinit(void)
  49          {
  50   1              set_port(0x80,0xff);
  51   1              set_port(0xa0,0x00);
  52   1              set_port(0xc0,0xff);
  53   1              set_port(0xe0,0xff);
  54   1      }
C51 COMPILER V9.55   MAIN                                                                  11/03/2020 21:43:30 PAGE 2   

  55          /*----------------------------
  56          发送串口数据
  57          ----------------------------*/
  58          void SendData(u8 dat)
  59          {
  60   1          while (busy);               //等待前面的数据发送完成
  61   1          busy = 1;
  62   1          SBUF = dat;                 //写数据到UART数据寄存器
  63   1      }
  64          void SendString(u8 *s)
  65          {
  66   1          while (*s)                  //检测字符串结束标志
  67   1          {
  68   2              SendData(*s++);         //发送当前字符
  69   2          }
  70   1      }
  71          
  72          void BTN(void)
  73          {
  74   1              u8 key_temp;
  75   1              key_temp = P3 & 0X0F;
  76   1              if(key_temp != 0x0f && !key_buf)
  77   1              {
  78   2                      Delay5ms();
  79   2                      key_temp = P3 & 0X0F;
  80   2                      if(key_temp != 0x0f && !key_buf)
  81   2                      {
  82   3                              key_buf = key_temp;
  83   3                      }
  84   2              }
  85   1              else if(key_temp == 0x0f && key_buf)
  86   1              {
  87   2                      Delay5ms();
  88   2                      key_temp = P3 & 0X0F;
  89   2                      if(key_temp == 0x0f && key_buf)
  90   2                      {
  91   3                              switch(key_buf)
  92   3                              {
  93   4                                      // 特别注意：在使用串口的时候，会使用到P30,P31，所以按键不能使用S7,S6
  94   4                                      case 0x0b: SendString(buffer); break;
  95   4                                      case 0x07: SendString(str);break;
  96   4                                      
  97   4                              }
  98   3                              key_buf = 0;
  99   3                      }
 100   2              }
 101   1      }
 102          
 103          void uartInt(void) interrupt 4
 104          {
 105   1              u8 temp;
 106   1              if(RI)
 107   1              {
 108   2                      RI = 0;
 109   2                      temp = SBUF;
 110   2                      if(temp == '#')
 111   2                      {
 112   3                              buffer[buffer_cnt++] = '\r';
 113   3                              buffer[buffer_cnt++] = '\n';
 114   3                              buffer[buffer_cnt] = '\0';
 115   3                              buffer_cnt = 0;
 116   3                      }
C51 COMPILER V9.55   MAIN                                                                  11/03/2020 21:43:30 PAGE 3   

 117   2                      else 
 118   2                      {
 119   3                              buffer[buffer_cnt++] = temp;
 120   3                      }
 121   2              }
 122   1          if (TI)
 123   1          {
 124   2              TI = 0;                 //清除TI位
 125   2              busy = 0;               //清忙标志
 126   2          }
 127   1              
 128   1      }
 129          
 130          void main(void)
 131          {
 132   1              allinit();
 133   1              UartInit();
 134   1              ES = 1;
 135   1              EA = 1;
 136   1              while(1)
 137   1              {
 138   2                      BTN();
 139   2              }
 140   1      }


MODULE INFORMATION:   STATIC OVERLAYABLE
   CODE SIZE        =    300    ----
   CONSTANT SIZE    =     12    ----
   XDATA SIZE       =   ----    ----
   PDATA SIZE       =   ----    ----
   DATA SIZE        =     25       3
   IDATA SIZE       =   ----    ----
   BIT SIZE         =      1    ----
END OF MODULE INFORMATION.


C51 COMPILATION COMPLETE.  0 WARNING(S),  0 ERROR(S)
