C51 COMPILER V9.55   MAIN                                                                  10/14/2020 20:20:51 PAGE 1   


C51 COMPILER V9.55, COMPILATION OF MODULE MAIN
OBJECT MODULE PLACED IN .\Objects\main.obj
COMPILER INVOKED BY: F:\Keil_v5\C51\BIN\C51.EXE main.c OPTIMIZE(8,SPEED) BROWSE DEBUG OBJECTEXTEND PRINT(.\Listings\main
                    -.lst) OBJECT(.\Objects\main.obj)

line level    source

   1          #include <STC15F2K60S2.H>
   2          
   3          #define u8 unsigned char
   4          #define u16 unsigned int
   5          
   6          #define get() (P3 & 0X3F) | ((P4 & 0X04) << 4) | ((P4 & 0X10) << 3)
   7          
   8          u8 code TAB[] = {0xc0,0xf9,0xa4,0xb0,0x99,0x92,0x82,0xf8,0x80,0x90,0xbf,0xff};
   9          u8 disbuf[] = {0,1,2,3,4,5,6,7,8};
  10          u8 key_buf = 0;
  11          
  12          
  13          void Delay5ms()         //@12.000MHz
  14          {
  15   1              unsigned char i, j;
  16   1      
  17   1              i = 59;
  18   1              j = 90;
  19   1              do
  20   1              {
  21   2                      while (--j);
  22   2              } while (--i);
  23   1      }
  24          
  25          void set_port(u8 p2,u8 p0)
  26          {
  27   1              P2 &= 0X1F;
  28   1              P2 |= p2;
  29   1              P0 = p0;
  30   1              P2 &= 0X1F;
  31   1      }
  32          
  33          void allinit(void)
  34          {
  35   1              set_port(0x80,0xff);
  36   1              set_port(0xa0,0x00);
  37   1              set_port(0xc0,0xff);
  38   1              set_port(0xe0,0xff);
  39   1      }
  40          
  41          void BTN(void)
  42          {
  43   1              u8 temp = P3 & 0X0F;
  44   1              if(temp != 0x0f && key_buf == 0)
  45   1              {
  46   2                      Delay5ms();
  47   2                      temp = P3 & 0x0f;
  48   2                      if(temp != 0x0f && key_buf == 0)
  49   2                      {
  50   3                              key_buf = temp;
  51   3                      }
  52   2              }
  53   1              else if(temp == 0x0f && key_buf)
  54   1              {
C51 COMPILER V9.55   MAIN                                                                  10/14/2020 20:20:51 PAGE 2   

  55   2                      Delay5ms();
  56   2                      temp = P3 & 0x0f;
  57   2                      if(temp == 0x0f && key_buf)
  58   2                      {
  59   3                              switch(key_buf)
  60   3                              {
  61   4                                      case 0x0e: disbuf[1] = 7; disbuf[2] = 10; break;
  62   4                                      case 0x0d: disbuf[1] = 6; disbuf[2] = 10; break;
  63   4                                      case 0x0b: disbuf[1] = 5; disbuf[2] = 10; break;
  64   4                                      case 0x07: disbuf[1] = 4; disbuf[2] = 10; break;
  65   4                              }
  66   3                      }
  67   2                      key_buf = 0;
  68   2              }
  69   1      }
  70          
  71          void KBD(void)
  72          {
  73   1              u8 key_temp;
  74   1              P3 = 0X0F; P44 = 0; P42 = 0;
  75   1              key_temp = get();
  76   1              P3 = 0Xf0; P44 = 1; P42 = 1;
  77   1              key_temp |= get();
  78   1              if(key_temp != 0xff && key_buf == 0)
  79   1              {
  80   2                      Delay5ms();
  81   2                      P3 = 0X0F; P44 = 0; P42 = 0;
  82   2                      key_temp = get();
  83   2                      P3 = 0Xf0; P44 = 1; P42 = 1;
  84   2                      key_temp |= get();
  85   2                      if(key_temp != 0xff && key_buf == 0)
  86   2                      {
  87   3                              key_buf = key_temp;
  88   3                      }
  89   2              }
  90   1              else if(key_temp == 0xff && key_buf)
  91   1              {
  92   2                      Delay5ms();
  93   2                      P3 = 0X0F; P44 = 0; P42 = 0;
  94   2                      key_temp = get();
  95   2                      P3 = 0Xf0; P44 = 1; P42 = 1;
  96   2                      key_temp |= get();
  97   2                      if(key_temp == 0xff && key_buf)
  98   2                      {
  99   3                              switch(key_buf)
 100   3                              {
 101   4                                      case 0x7E: disbuf[1] = 0; disbuf[2] = 7; disbuf[3] = 10; break;
 102   4                                      case 0x7D: disbuf[1] = 0; disbuf[2] = 6; disbuf[3] = 10; break;
 103   4                                      case 0x7B: disbuf[1] = 0; disbuf[2] = 5; disbuf[3] = 10; break;
 104   4                                      case 0x77: disbuf[1] = 0; disbuf[2] = 4; disbuf[3] = 10; break;
 105   4                                      case 0xBE: disbuf[1] = 1; disbuf[2] = 1; disbuf[3] = 10; break;
 106   4                                      case 0xBD: disbuf[1] = 1; disbuf[2] = 0; disbuf[3] = 10; break;
 107   4                                      case 0xBB: disbuf[1] = 0; disbuf[2] = 9; disbuf[3] = 10; break;
 108   4                                      case 0xB7: disbuf[1] = 0; disbuf[2] = 8; disbuf[3] = 10; break;
 109   4                                      case 0xDE: disbuf[1] = 1; disbuf[2] = 5; disbuf[3] = 10; break;
 110   4                                      case 0xDD: disbuf[1] = 1; disbuf[2] = 4; disbuf[3] = 10; break;
 111   4                                      case 0xDB: disbuf[1] = 1; disbuf[2] = 3; disbuf[3] = 10; break;
 112   4                                      case 0xD7: disbuf[1] = 1; disbuf[2] = 2; disbuf[3] = 10; break;
 113   4                                      case 0xEE: disbuf[1] = 1; disbuf[2] = 9; disbuf[3] = 10; break;
 114   4                                      case 0xED: disbuf[1] = 1; disbuf[2] = 8; disbuf[3] = 10; break;
 115   4                                      case 0xEB: disbuf[1] = 1; disbuf[2] = 7; disbuf[3] = 10; break;
 116   4                                      case 0xE7: disbuf[1] = 1; disbuf[2] = 6; disbuf[3] = 10; break;
C51 COMPILER V9.55   MAIN                                                                  10/14/2020 20:20:51 PAGE 3   

 117   4                              }
 118   3                              key_buf = 0;
 119   3                      }
 120   2              }
 121   1      }
 122          
 123          void Timer1Init(void)           //100微秒@12.000MHz
 124          {
 125   1              AUXR |= 0x40;           //定时器时钟1T模式
 126   1              TMOD &= 0x0F;           //设置定时器模式
 127   1              TL1 = 0x50;             //设置定时初值
 128   1              TH1 = 0xFB;             //设置定时初值
 129   1              TF1 = 0;                //清除TF1标志
 130   1              TR1 = 1;                //定时器1开始计时
 131   1      }
 132          
 133          void timer1(void) interrupt 3
 134          {
 135   1              static u8 dis_tt = 0,dis_cnt = 0;
 136   1              if(++dis_tt == 20)
 137   1              {
 138   2                      dis_tt = 0;
 139   2                      set_port(0xc0, 0x01 << dis_cnt);
 140   2                      set_port(0xe0, TAB[disbuf[dis_cnt + 1]]);
 141   2                      if(++dis_cnt == 8) dis_cnt = 0;
 142   2              }
 143   1      }
 144          
 145          
 146          void main()
 147          {
 148   1              allinit();
 149   1              Timer1Init();
 150   1              ET1 = 1;
 151   1              EA =1;
 152   1              while(1)
 153   1              {
 154   2      //              BTN();
 155   2                      KBD();
 156   2              }
 157   1              
 158   1      }


MODULE INFORMATION:   STATIC OVERLAYABLE
   CODE SIZE        =    692    ----
   CONSTANT SIZE    =     12    ----
   XDATA SIZE       =   ----    ----
   PDATA SIZE       =   ----    ----
   DATA SIZE        =     12    ----
   IDATA SIZE       =   ----    ----
   BIT SIZE         =   ----    ----
END OF MODULE INFORMATION.


C51 COMPILATION COMPLETE.  0 WARNING(S),  0 ERROR(S)
