C51 COMPILER V9.55   ONEWIRE                                                               11/13/2020 23:52:17 PAGE 1   


C51 COMPILER V9.55, COMPILATION OF MODULE ONEWIRE
OBJECT MODULE PLACED IN .\Objects\onewire.obj
COMPILER INVOKED BY: F:\Keil_v5\C51\BIN\C51.EXE onewire.c OPTIMIZE(8,SPEED) BROWSE DEBUG OBJECTEXTEND PRINT(.\Listings\o
                    -newire.lst) OBJECT(.\Objects\onewire.obj)

line level    source

   1          /*
   2            程序说明: 单总线驱动程序
   3            软件环境: Keil uVision 4.10 
   4            硬件环境: CT107单片机综合实训平台(外部晶振12MHz) STC89C52RC单片机
   5            日    期: 2011-8-9
   6          */
   7          #include "stc15f2k60s2.h"
   8          
   9          sbit DQ = P1^4;  //单总线接口
  10          
  11          //单总线延时函数
  12          void Delay_OneWire(unsigned int t)  //STC89C52RC
  13          {
  14   1              t = t * 10;
  15   1              while(t--);
  16   1      }
  17          
  18          //通过单总线向DS18B20写一个字节
  19          void Write_DS18B20(unsigned char dat)
  20          {
  21   1              unsigned char i;
  22   1              for(i=0;i<8;i++)
  23   1              {
  24   2                      DQ = 0;
  25   2                      DQ = dat&0x01;
  26   2                      Delay_OneWire(5);
  27   2                      DQ = 1;
  28   2                      dat >>= 1;
  29   2              }
  30   1              Delay_OneWire(5);
  31   1      }
  32          
  33          //从DS18B20读取一个字节
  34          unsigned char Read_DS18B20(void)
  35          {
  36   1              unsigned char i;
  37   1              unsigned char dat;
  38   1        
  39   1              for(i=0;i<8;i++)
  40   1              {
  41   2                      DQ = 0;
  42   2                      dat >>= 1;
  43   2                      DQ = 1;
  44   2                      if(DQ)
  45   2                      {
  46   3                              dat |= 0x80;
  47   3                      }           
  48   2                      Delay_OneWire(5);
  49   2              }
  50   1              return dat;
  51   1      }
  52          
  53          //DS18B20设备初始化
  54          bit init_ds18b20(void)
C51 COMPILER V9.55   ONEWIRE                                                               11/13/2020 23:52:17 PAGE 2   

  55          {
  56   1              bit initflag = 0;
  57   1              
  58   1              DQ = 1;
  59   1              Delay_OneWire(12);
  60   1              DQ = 0;
  61   1              Delay_OneWire(80);
  62   1              DQ = 1;
  63   1              Delay_OneWire(10); 
  64   1          initflag = DQ;     
  65   1              Delay_OneWire(5);
  66   1        
  67   1              return initflag;
  68   1      }
  69          
  70          unsigned int rd_temperature(void)
  71          {
  72   1              unsigned char high,low;
  73   1              init_ds18b20();
  74   1              Write_DS18B20(0xcc);
  75   1              Write_DS18B20(0x44);
  76   1              
  77   1              init_ds18b20();
  78   1              Write_DS18B20(0xcc);
  79   1              Write_DS18B20(0xbe);
  80   1              low = Read_DS18B20();
  81   1              high = Read_DS18B20();
  82   1              return ((high << 8) | low) * 6.25;
  83   1      }
  84          
  85          
  86          
  87          
  88          


MODULE INFORMATION:   STATIC OVERLAYABLE
   CODE SIZE        =    173    ----
   CONSTANT SIZE    =   ----    ----
   XDATA SIZE       =   ----    ----
   PDATA SIZE       =   ----    ----
   DATA SIZE        =   ----    ----
   IDATA SIZE       =   ----    ----
   BIT SIZE         =   ----       1
END OF MODULE INFORMATION.


C51 COMPILATION COMPLETE.  0 WARNING(S),  0 ERROR(S)
