C51 COMPILER V9.55   MAIN                                                                  11/03/2020 22:01:32 PAGE 1   


C51 COMPILER V9.55, COMPILATION OF MODULE MAIN
OBJECT MODULE PLACED IN .\Objects\main.obj
COMPILER INVOKED BY: F:\Keil_v5\C51\BIN\C51.EXE main.c OPTIMIZE(8,SPEED) BROWSE DEBUG OBJECTEXTEND PRINT(.\Listings\main
                    -.lst) OBJECT(.\Objects\main.obj)

line level    source

   1          #include <stc15f2k60s2.h>
   2          
   3          #define u8 unsigned char
   4          #define u16 unsigned int
   5          
   6          u8 code TAB[] = {0xc0,0xf9,0xa4,0xb0,0x99,0x92,0x82,0xf8,0x80,0x90,0xbf,0xff};
   7          u8 disbuf[] = {0,1,2,3,4,5,6,7,8};
   8          
   9          u8 key_buf = 0;
  10          u8 smg_cnt = 0;
  11          
  12          void Delay5ms()         //@12.000MHz
  13          {
  14   1              unsigned char i, j;
  15   1      
  16   1              i = 59;
  17   1              j = 90;
  18   1              do
  19   1              {
  20   2                      while (--j);
  21   2              } while (--i);
  22   1      }
  23          
  24          void set_port(u8 p2,u8 p0)
  25          {
  26   1              P2 = (P2 & 0X1F) | p2;  // 不能影响其他位，否则可能会对其他的协议造成影响
  27   1              P0 = p0;
  28   1              P2 &= 0X1F;
  29   1      }
  30          
  31          void allinit(void)
  32          {
  33   1              set_port(0x80,0xff);
  34   1              set_port(0xc0,0xff);
  35   1              set_port(0xe0,0xff);
  36   1              set_port(0xa0,0x00);
  37   1      }
  38          
  39          void BTN(void)
  40          {
  41   1              u8 key_temp ;
  42   1              key_temp = P3 & 0X0F;
  43   1              if(key_temp != 0x0f && !key_buf)
  44   1              {
  45   2                      Delay5ms();
  46   2                      key_temp = P3 & 0X0F;
  47   2                      if(key_temp != 0x0f && !key_buf)
  48   2                      {       
  49   3                              key_buf = key_temp;
  50   3                      }
  51   2              }
  52   1              else if(key_temp == 0x0f && key_buf)
  53   1              {
  54   2                      Delay5ms();
C51 COMPILER V9.55   MAIN                                                                  11/03/2020 22:01:32 PAGE 2   

  55   2                      key_temp = P3 & 0X0F;
  56   2                      if(key_temp == 0x0f && key_buf)
  57   2                      {       
  58   3                              switch(key_buf) // 这里要特别注意是key_buf，不要粗心写成了key_temp
  59   3                              {
  60   4                                      case 0x0e: disbuf[1] = 7; disbuf[2] = 10; break;
  61   4                                      case 0x0d: disbuf[1] = 6; disbuf[2] = 10; break;
  62   4                                      case 0x0b: disbuf[1] = 5; disbuf[2] = 10; break;
  63   4                                      case 0x07: disbuf[1] = 4; disbuf[2] = 10; break;
  64   4                              }
  65   3                              key_buf = 0;
  66   3                      }
  67   2              }
  68   1      }
  69          
  70          void Timer2Init(void)           //1毫秒@12.000MHz
  71          {
  72   1              AUXR |= 0x04;           //定时器时钟1T模式
  73   1              T2L = 0x20;             //设置定时初值
  74   1              T2H = 0xD1;             //设置定时初值
  75   1              AUXR |= 0x10;           //定时器2开始计时
  76   1      }
  77          
  78          void timer2(void) interrupt 12
  79          {
  80   1              set_port(0xc0, 0x01 << smg_cnt);
  81   1              set_port(0xe0, TAB[disbuf[smg_cnt + 1]]);
  82   1              if(++smg_cnt >= 8) smg_cnt = 0;
  83   1      }
  84          
  85          void main()
  86          {
  87   1              allinit();
  88   1              Timer2Init();
  89   1              IE2 |= 0X04;    // 打开定时器2的中断，谨记
  90   1              EA = 1;
  91   1              while(1)
  92   1              {
  93   2                      BTN();
  94   2              }
  95   1      }


MODULE INFORMATION:   STATIC OVERLAYABLE
   CODE SIZE        =    250    ----
   CONSTANT SIZE    =     12    ----
   XDATA SIZE       =   ----    ----
   PDATA SIZE       =   ----    ----
   DATA SIZE        =     11    ----
   IDATA SIZE       =   ----    ----
   BIT SIZE         =   ----    ----
END OF MODULE INFORMATION.


C51 COMPILATION COMPLETE.  0 WARNING(S),  0 ERROR(S)
