C51 COMPILER V9.55   MAIN                                                                  11/03/2020 22:29:00 PAGE 1   


C51 COMPILER V9.55, COMPILATION OF MODULE MAIN
OBJECT MODULE PLACED IN .\Objects\main.obj
COMPILER INVOKED BY: F:\Keil_v5\C51\BIN\C51.EXE main.c OPTIMIZE(8,SPEED) BROWSE DEBUG OBJECTEXTEND PRINT(.\Listings\main
                    -.lst) OBJECT(.\Objects\main.obj)

line level    source

   1          #include <stc15f2k60s2.h>
   2          #include "onewire.h"
   3          
   4          #define u8 unsigned char
   5          #define u16 unsigned int
   6          
   7          u8 code TAB[] = {0xc0,0xf9,0xa4,0xb0,0x99,0x92,0x82,0xf8,0x80,0x90,0xbf,0xff};
   8          u8 disbuf[] = {0,11,11,11,11,10,6,7,8};
   9          
  10          u8 key_buf = 0;
  11          u8 smg_cnt = 0;
  12          
  13          float temperature;
  14          
  15          void Delay5ms()         //@12.000MHz
  16          {
  17   1              unsigned char i, j;
  18   1      
  19   1              i = 59;
  20   1              j = 90;
  21   1              do
  22   1              {
  23   2                      while (--j);
  24   2              } while (--i);
  25   1      }
  26          
  27          void set_port(u8 p2,u8 p0)
  28          {
  29   1              P2 = (P2 & 0X1F) | p2;  // 不能影响其他位，否则可能会对其他的协议造成影响
  30   1              P0 = p0;
  31   1              P2 &= 0X1F;
  32   1      }
  33          
  34          void allinit(void)
  35          {
  36   1              set_port(0x80,0xff);
  37   1              set_port(0xc0,0xff);
  38   1              set_port(0xe0,0xff);
  39   1              set_port(0xa0,0x00);
  40   1      }
  41          
  42          void BTN(void)
  43          {
  44   1              u8 key_temp ;
  45   1              key_temp = P3 & 0X0F;
  46   1              if(key_temp != 0x0f && !key_buf)
  47   1              {
  48   2                      Delay5ms();
  49   2                      key_temp = P3 & 0X0F;
  50   2                      if(key_temp != 0x0f && !key_buf)
  51   2                      {       
  52   3                              key_buf = key_temp;
  53   3                      }
  54   2              }
C51 COMPILER V9.55   MAIN                                                                  11/03/2020 22:29:00 PAGE 2   

  55   1              else if(key_temp == 0x0f && key_buf)
  56   1              {
  57   2                      Delay5ms();
  58   2                      key_temp = P3 & 0X0F;
  59   2                      if(key_temp == 0x0f && key_buf)
  60   2                      {       
  61   3                              switch(key_buf) // 这里要特别注意是key_buf，不要粗心写成了key_temp
  62   3                              {
  63   4                                      case 0x0e: disbuf[1] = 7; disbuf[2] = 10; break;
  64   4                                      case 0x0d: disbuf[1] = 6; disbuf[2] = 10; break;
  65   4                                      case 0x0b: disbuf[1] = 5; disbuf[2] = 10; break;
  66   4                                      case 0x07: disbuf[1] = 4; disbuf[2] = 10; break;
  67   4                              }
  68   3                              key_buf = 0;
  69   3                      }
  70   2              }
  71   1      }
  72          
  73          void Timer2Init(void)           //1毫秒@12.000MHz
  74          {
  75   1              AUXR |= 0x04;           //定时器时钟1T模式
  76   1              T2L = 0x20;             //设置定时初值
  77   1              T2H = 0xD1;             //设置定时初值
  78   1              AUXR |= 0x10;           //定时器2开始计时
  79   1      }
  80          
  81          void timer2(void) interrupt 12
  82          {
  83   1              set_port(0xc0, 0x01 << smg_cnt);
  84   1              if(smg_cnt == 6)
  85   1                      set_port(0xe0, TAB[disbuf[smg_cnt + 1]] & 0x7f);
  86   1              else 
  87   1                      set_port(0xe0, TAB[disbuf[smg_cnt + 1]]);
  88   1              if(++smg_cnt >= 8) smg_cnt = 0;
  89   1      }
  90          
  91          void main()
  92          {
  93   1              allinit();
  94   1              Timer2Init();
  95   1              IE2 |= 0X04;    // 打开定时器2的中断，谨记
  96   1              EA = 1;
  97   1              while(1)
  98   1              {
  99   2                      temperature = read_temperature();
 100   2                      disbuf[5] = 10;
 101   2                      disbuf[6] = (u16)(temperature * 10) / 100 % 10;
 102   2                      disbuf[7] = (u16)(temperature * 10) / 10 % 10;
 103   2                      disbuf[8] = (u16)(temperature * 10) % 10;
 104   2                      BTN();
 105   2              }
 106   1      }


MODULE INFORMATION:   STATIC OVERLAYABLE
   CODE SIZE        =    372    ----
   CONSTANT SIZE    =     12    ----
   XDATA SIZE       =   ----    ----
   PDATA SIZE       =   ----    ----
   DATA SIZE        =     15    ----
   IDATA SIZE       =   ----    ----
   BIT SIZE         =   ----    ----
C51 COMPILER V9.55   MAIN                                                                  11/03/2020 22:29:00 PAGE 3   

END OF MODULE INFORMATION.


C51 COMPILATION COMPLETE.  0 WARNING(S),  0 ERROR(S)
